-------------------------------------------------------------------------------
Test set: com.rental_hub.services.EquipmentServiceTest
-------------------------------------------------------------------------------
Tests run: 5, Failures: 3, Errors: 0, Skipped: 0, Time elapsed: 0.445 s <<< FAILURE! -- in com.rental_hub.services.EquipmentServiceTest
com.rental_hub.services.EquipmentServiceTest.getManyEquipmentsInPriceRangeInCents -- Time elapsed: 0.030 s <<< FAILURE!
org.opentest4j.AssertionFailedError: 

expected: 4
 but was: 8
	at com.rental_hub.services.EquipmentServiceTest.getManyEquipmentsInPriceRangeInCents(EquipmentServiceTest.java:74)
	at java.base/java.lang.reflect.Method.invoke(Method.java:565)
	at java.base/java.util.ArrayList.forEach(ArrayList.java:1604)
	at java.base/java.util.ArrayList.forEach(ArrayList.java:1604)

com.rental_hub.services.EquipmentServiceTest.getZeroAvailableMatchingEquipments -- Time elapsed: 0.003 s <<< FAILURE!
java.lang.AssertionError: 

Expecting empty but was: [com.rental_hub.entities.Equipment@6be25526]
	at com.rental_hub.services.EquipmentServiceTest.getZeroAvailableMatchingEquipments(EquipmentServiceTest.java:49)
	at java.base/java.lang.reflect.Method.invoke(Method.java:565)
	at java.base/java.util.ArrayList.forEach(ArrayList.java:1604)
	at java.base/java.util.ArrayList.forEach(ArrayList.java:1604)

com.rental_hub.services.EquipmentServiceTest.getOneEquipmentInPriceRangeInCents -- Time elapsed: 0.002 s <<< FAILURE!
org.opentest4j.AssertionFailedError: 

expected: 1
 but was: 2
	at com.rental_hub.services.EquipmentServiceTest.getOneEquipmentInPriceRangeInCents(EquipmentServiceTest.java:66)
	at java.base/java.lang.reflect.Method.invoke(Method.java:565)
	at java.base/java.util.ArrayList.forEach(ArrayList.java:1604)
	at java.base/java.util.ArrayList.forEach(ArrayList.java:1604)

